[INFO] 2020-03-28 16:13:32,639 - Started at 1585408412.6387146
[INFO] 2020-03-28 16:13:32,639 - -------------------Parser Action-----------------------
[INFO] 2020-03-28 16:13:32,640 - Calcing volume of sphere with radius 10.0
[INFO] 2020-03-28 16:13:32,641 - Volume is 4188.790204786391
[INFO] 2020-03-28 16:13:32,641 - Calcing volume of sphere with radius 20.0
[INFO] 2020-03-28 16:13:32,641 - Volume is 33510.32163829113
[INFO] 2020-03-28 16:13:32,641 - -------------------Calcing Action-----------------------
[INFO] 2020-03-28 16:13:32,641 - Calcing volume of sphere with radius 5
[INFO] 2020-03-28 16:13:32,642 - Volume is 523.5987755982989
[INFO] 2020-03-28 16:13:32,642 - Calcing volume of sphere with radius 0.2
[INFO] 2020-03-28 16:13:32,642 - Volume is 0.03351032163829113
[INFO] 2020-03-28 16:13:32,642 - Calcing volume of sphere with radius -4
[WARNING] 2020-03-28 16:13:32,642 - Radius -4 was negative, return -1
[INFO] 2020-03-28 16:13:32,642 - Calcing volume of sphere with radius Test
[ERROR] 2020-03-28 16:13:32,642 - Test is not a valid radius, return -666
[INFO] 2020-03-28 16:13:32,643 - -------------------All Log Types Action-----------------------
[DEBUG] 2020-03-28 16:13:32,643 - Am i here ?
[INFO] 2020-03-28 16:13:32,643 - Next time pls do this
[WARNING] 2020-03-28 16:13:32,643 - Some problem occured, but its fine
[ERROR] 2020-03-28 16:13:32,643 - Types did not match in ...
[CRITICAL] 2020-03-28 16:13:32,643 - ICH BRENNNE
[INFO] 2020-03-28 16:13:32,643 - -------------------On Program End-----------------------
[INFO] 2020-03-28 16:13:32,643 - [runTime]: 0.004997730255126953
