[INFO] 2020-03-28 16:13:10,059 - Started at 1585408390.0588794
[INFO] 2020-03-28 16:13:10,059 - -------------------Parser Action-----------------------
[INFO] 2020-03-28 16:13:10,060 - Calcing volume of sphere with radius 1
[INFO] 2020-03-28 16:13:10,061 - Volume is 4.1887902047863905
[INFO] 2020-03-28 16:13:10,062 - -------------------Calcing Action-----------------------
[INFO] 2020-03-28 16:13:10,062 - Calcing volume of sphere with radius 5
[INFO] 2020-03-28 16:13:10,062 - Volume is 523.5987755982989
[INFO] 2020-03-28 16:13:10,062 - Calcing volume of sphere with radius 0.2
[INFO] 2020-03-28 16:13:10,062 - Volume is 0.03351032163829113
[INFO] 2020-03-28 16:13:10,065 - Calcing volume of sphere with radius -4
[WARNING] 2020-03-28 16:13:10,065 - Radius -4 was negative, return -1
[INFO] 2020-03-28 16:13:10,065 - Calcing volume of sphere with radius Test
[ERROR] 2020-03-28 16:13:10,066 - Test is not a valid radius, return -666
[INFO] 2020-03-28 16:13:10,066 - -------------------All Log Types Action-----------------------
[DEBUG] 2020-03-28 16:13:10,066 - Am i here ?
[INFO] 2020-03-28 16:13:10,066 - Next time pls do this
[WARNING] 2020-03-28 16:13:10,066 - Some problem occured, but its fine
[ERROR] 2020-03-28 16:13:10,066 - Types did not match in ...
[CRITICAL] 2020-03-28 16:13:10,066 - ICH BRENNNE
[INFO] 2020-03-28 16:13:10,066 - -------------------On Program End-----------------------
[INFO] 2020-03-28 16:13:10,066 - [runTime]: 0.00799703598022461
